d:\prengine\prengine2d\game engine\build\obj\debug-windows-x86_64\prengine\prengine.pdb
d:\prengine\prengine2d\game engine\build\obj\debug-windows-x86_64\prengine\transform3d.obj
d:\prengine\prengine2d\game engine\build\obj\debug-windows-x86_64\prengine\entitygenerator.obj
d:\prengine\prengine2d\game engine\build\obj\debug-windows-x86_64\prengine\camera3d.obj
d:\prengine\prengine2d\game engine\build\obj\debug-windows-x86_64\prengine\engine.obj
d:\prengine\prengine2d\game engine\build\obj\debug-windows-x86_64\prengine\entity.obj
d:\prengine\prengine2d\game engine\build\obj\debug-windows-x86_64\prengine\texture.obj
d:\prengine\prengine2d\game engine\build\obj\debug-windows-x86_64\prengine\directionallight.obj
d:\prengine\prengine2d\game engine\build\obj\debug-windows-x86_64\prengine\entitymanagementsystemmodule.obj
d:\prengine\prengine2d\game engine\build\obj\debug-windows-x86_64\prengine\animator.obj
d:\prengine\prengine2d\game engine\build\obj\debug-windows-x86_64\prengine\animation.obj
d:\prengine\prengine2d\game engine\build\obj\debug-windows-x86_64\prengine\utils.obj
d:\prengine\prengine2d\game engine\build\obj\debug-windows-x86_64\prengine\guilayer.obj
d:\prengine\prengine2d\game engine\build\obj\debug-windows-x86_64\prengine\game.obj
d:\prengine\prengine2d\game engine\build\obj\debug-windows-x86_64\prengine\framerateregulatormodule.obj
d:\prengine\prengine2d\game engine\build\obj\debug-windows-x86_64\prengine\frameratecountermodule.obj
d:\prengine\prengine2d\game engine\build\obj\debug-windows-x86_64\prengine\spritelayer.obj
d:\prengine\prengine2d\game engine\build\obj\debug-windows-x86_64\prengine\sprite.obj
d:\prengine\prengine2d\game engine\build\obj\debug-windows-x86_64\prengine\rendereropengl2d.obj
d:\prengine\prengine2d\game engine\build\obj\debug-windows-x86_64\prengine\graphics.obj
d:\prengine\prengine2d\game engine\build\debug-windows-x86_64\prengine\prengine.lib
d:\prengine\prengine2d\game engine\build\obj\debug-windows-x86_64\prengine\audiomanager.obj
d:\prengine\prengine2d\game engine\build\obj\debug-windows-x86_64\prengine\behaviour.obj
d:\prengine\prengine2d\game engine\build\obj\debug-windows-x86_64\prengine\component.obj
d:\prengine\prengine2d\game engine\build\obj\debug-windows-x86_64\prengine\geometrylayer.obj
d:\prengine\prengine2d\game engine\build\obj\debug-windows-x86_64\prengine\glassert.obj
d:\prengine\prengine2d\game engine\build\obj\debug-windows-x86_64\prengine\imgui.obj
d:\prengine\prengine2d\game engine\build\obj\debug-windows-x86_64\prengine\imgui_demo.obj
d:\prengine\prengine2d\game engine\build\obj\debug-windows-x86_64\prengine\imgui_draw.obj
d:\prengine\prengine2d\game engine\build\obj\debug-windows-x86_64\prengine\imgui_impl_opengl3.obj
d:\prengine\prengine2d\game engine\build\obj\debug-windows-x86_64\prengine\imgui_impl_sdl.obj
d:\prengine\prengine2d\game engine\build\obj\debug-windows-x86_64\prengine\imgui_stdlib.obj
d:\prengine\prengine2d\game engine\build\obj\debug-windows-x86_64\prengine\imgui_widgets.obj
d:\prengine\prengine2d\game engine\build\obj\debug-windows-x86_64\prengine\inputmodule.obj
d:\prengine\prengine2d\game engine\build\obj\debug-windows-x86_64\prengine\logger.obj
d:\prengine\prengine2d\game engine\build\obj\debug-windows-x86_64\prengine\material.obj
d:\prengine\prengine2d\game engine\build\obj\debug-windows-x86_64\prengine\matrix3x3f.obj
d:\prengine\prengine2d\game engine\build\obj\debug-windows-x86_64\prengine\mesh.obj
d:\prengine\prengine2d\game engine\build\obj\debug-windows-x86_64\prengine\module.obj
d:\prengine\prengine2d\game engine\build\obj\debug-windows-x86_64\prengine\networkmanager.obj
d:\prengine\prengine2d\game engine\build\obj\debug-windows-x86_64\prengine\renderlayer.obj
d:\prengine\prengine2d\game engine\build\obj\debug-windows-x86_64\prengine\serializable.obj
d:\prengine\prengine2d\game engine\build\obj\debug-windows-x86_64\prengine\stb_image.obj
d:\prengine\prengine2d\game engine\build\obj\debug-windows-x86_64\prengine\timemodule.obj
d:\prengine\prengine2d\game engine\build\obj\debug-windows-x86_64\prengine\tiny_obj_loader.obj
d:\prengine\prengine2d\game engine\build\obj\debug-windows-x86_64\prengine\transform.obj
d:\prengine\prengine2d\game engine\build\obj\debug-windows-x86_64\prengine\vertex.obj
d:\prengine\prengine2d\game engine\build\obj\debug-windows-x86_64\prengine\prengine.tlog\cl.command.1.tlog
d:\prengine\prengine2d\game engine\build\obj\debug-windows-x86_64\prengine\prengine.tlog\cl.read.1.tlog
d:\prengine\prengine2d\game engine\build\obj\debug-windows-x86_64\prengine\prengine.tlog\cl.write.1.tlog
d:\prengine\prengine2d\game engine\build\obj\debug-windows-x86_64\prengine\prengine.tlog\lib-link.read.1.tlog
d:\prengine\prengine2d\game engine\build\obj\debug-windows-x86_64\prengine\prengine.tlog\lib-link.write.1.tlog
d:\prengine\prengine2d\game engine\build\obj\debug-windows-x86_64\prengine\prengine.tlog\lib.command.1.tlog
