  Game.cpp
D:\PrEngine\PrEngine2D\Game\src\Game.cpp(37,16): warning C4244: '=': conversion from 'Double_64' to 'T', possible loss of data
D:\PrEngine\PrEngine2D\Game\src\Game.cpp(37,16): warning C4244:         with
D:\PrEngine\PrEngine2D\Game\src\Game.cpp(37,16): warning C4244:         [
D:\PrEngine\PrEngine2D\Game\src\Game.cpp(37,16): warning C4244:             T=Float_32
D:\PrEngine\PrEngine2D\Game\src\Game.cpp(37,16): warning C4244:         ]
D:\PrEngine\PrEngine2D\Game\src\Game.cpp(39,16): warning C4244: '=': conversion from 'Double_64' to 'T', possible loss of data
D:\PrEngine\PrEngine2D\Game\src\Game.cpp(39,16): warning C4244:         with
D:\PrEngine\PrEngine2D\Game\src\Game.cpp(39,16): warning C4244:         [
D:\PrEngine\PrEngine2D\Game\src\Game.cpp(39,16): warning C4244:             T=Float_32
D:\PrEngine\PrEngine2D\Game\src\Game.cpp(39,16): warning C4244:         ]
D:\PrEngine\PrEngine2D\Game\src\Game.cpp(41,17): warning C4244: '=': conversion from 'Double_64' to 'T', possible loss of data
D:\PrEngine\PrEngine2D\Game\src\Game.cpp(41,17): warning C4244:         with
D:\PrEngine\PrEngine2D\Game\src\Game.cpp(41,17): warning C4244:         [
D:\PrEngine\PrEngine2D\Game\src\Game.cpp(41,17): warning C4244:             T=Float_32
D:\PrEngine\PrEngine2D\Game\src\Game.cpp(41,17): warning C4244:         ]
D:\PrEngine\PrEngine2D\Game\src\Game.cpp(43,17): warning C4244: '=': conversion from 'Double_64' to 'T', possible loss of data
D:\PrEngine\PrEngine2D\Game\src\Game.cpp(43,17): warning C4244:         with
D:\PrEngine\PrEngine2D\Game\src\Game.cpp(43,17): warning C4244:         [
D:\PrEngine\PrEngine2D\Game\src\Game.cpp(43,17): warning C4244:             T=Float_32
D:\PrEngine\PrEngine2D\Game\src\Game.cpp(43,17): warning C4244:         ]
D:\PrEngine\PrEngine2D\Game\src\Game.cpp(47,71): warning C4244: 'argument': conversion from 'T' to 'T', possible loss of data
D:\PrEngine\PrEngine2D\Game\src\Game.cpp(47,71): warning C4244:         with
D:\PrEngine\PrEngine2D\Game\src\Game.cpp(47,71): warning C4244:         [
D:\PrEngine\PrEngine2D\Game\src\Game.cpp(47,71): warning C4244:             T=Int_32
D:\PrEngine\PrEngine2D\Game\src\Game.cpp(47,71): warning C4244:         ]
D:\PrEngine\PrEngine2D\Game\src\Game.cpp(47,71): warning C4244:         and
D:\PrEngine\PrEngine2D\Game\src\Game.cpp(47,71): warning C4244:         [
D:\PrEngine\PrEngine2D\Game\src\Game.cpp(47,71): warning C4244:             T=Float_32
D:\PrEngine\PrEngine2D\Game\src\Game.cpp(47,71): warning C4244:         ]
D:\PrEngine\PrEngine2D\Game\src\Game.cpp(47,68): warning C4244: 'argument': conversion from 'T' to 'T', possible loss of data
D:\PrEngine\PrEngine2D\Game\src\Game.cpp(47,68): warning C4244:         with
D:\PrEngine\PrEngine2D\Game\src\Game.cpp(47,68): warning C4244:         [
D:\PrEngine\PrEngine2D\Game\src\Game.cpp(47,68): warning C4244:             T=Int_32
D:\PrEngine\PrEngine2D\Game\src\Game.cpp(47,68): warning C4244:         ]
D:\PrEngine\PrEngine2D\Game\src\Game.cpp(47,68): warning C4244:         and
D:\PrEngine\PrEngine2D\Game\src\Game.cpp(47,68): warning C4244:         [
D:\PrEngine\PrEngine2D\Game\src\Game.cpp(47,68): warning C4244:             T=Float_32
D:\PrEngine\PrEngine2D\Game\src\Game.cpp(47,68): warning C4244:         ]
D:\PrEngine\PrEngine2D\Game\src\Game.cpp(57,92): warning C4244: '+=': conversion from 'Double_64' to 'Float_32', possible loss of data
D:\PrEngine\PrEngine2D\Game Engine\include\Vector2.hpp(77,1): warning C4244: '/=': conversion from 'Double_64' to 'T', possible loss of data
D:\PrEngine\PrEngine2D\Game Engine\include\Vector2.hpp(77,1): warning C4244:         with
D:\PrEngine\PrEngine2D\Game Engine\include\Vector2.hpp(77,1): warning C4244:         [
D:\PrEngine\PrEngine2D\Game Engine\include\Vector2.hpp(77,1): warning C4244:             T=Float_32
D:\PrEngine\PrEngine2D\Game Engine\include\Vector2.hpp(77,1): warning C4244:         ]
D:\PrEngine\PrEngine2D\Game Engine\include\Vector2.hpp(73): message : while compiling class template member function 'PrEngine::Vector2<Float_32> PrEngine::Vector2<Float_32>::normalize(void)'
D:\PrEngine\PrEngine2D\Game\src\Game.cpp(48): message : see reference to function template instantiation 'PrEngine::Vector2<Float_32> PrEngine::Vector2<Float_32>::normalize(void)' being compiled
D:\PrEngine\PrEngine2D\Game Engine\include\Material.hpp(46): message : see reference to class template instantiation 'PrEngine::Vector2<Float_32>' being compiled
D:\PrEngine\PrEngine2D\Game Engine\include\Vector2.hpp(78,1): warning C4244: '/=': conversion from 'Double_64' to 'T', possible loss of data
D:\PrEngine\PrEngine2D\Game Engine\include\Vector2.hpp(78,1): warning C4244:         with
D:\PrEngine\PrEngine2D\Game Engine\include\Vector2.hpp(78,1): warning C4244:         [
D:\PrEngine\PrEngine2D\Game Engine\include\Vector2.hpp(78,1): warning C4244:             T=Float_32
D:\PrEngine\PrEngine2D\Game Engine\include\Vector2.hpp(78,1): warning C4244:         ]
  Game.vcxproj -> D:\PrEngine\PrEngine2D\Game\Build\Debug-windows-x86_64\Game\Game.exe
