d:\prengine\prengine2d\game engine\build\obj\debug-windows-x86_64\game\vc142.pdb
d:\prengine\prengine2d\game engine\build\obj\debug-windows-x86_64\game\main.obj
d:\prengine\prengine2d\game\build\debug-windows-x86_64\game\game.exe
d:\prengine\prengine2d\game\build\debug-windows-x86_64\game\game.ilk
d:\prengine\prengine2d\game\build\debug-windows-x86_64\game\game.pdb
d:\prengine\prengine2d\game engine\build\obj\debug-windows-x86_64\game\game.tlog\cl.command.1.tlog
d:\prengine\prengine2d\game engine\build\obj\debug-windows-x86_64\game\game.tlog\cl.read.1.tlog
d:\prengine\prengine2d\game engine\build\obj\debug-windows-x86_64\game\game.tlog\cl.write.1.tlog
d:\prengine\prengine2d\game engine\build\obj\debug-windows-x86_64\game\game.tlog\link.10308.delete.1.tlog
d:\prengine\prengine2d\game engine\build\obj\debug-windows-x86_64\game\game.tlog\link.13024.delete.1.tlog
d:\prengine\prengine2d\game engine\build\obj\debug-windows-x86_64\game\game.tlog\link.13184.delete.1.tlog
d:\prengine\prengine2d\game engine\build\obj\debug-windows-x86_64\game\game.tlog\link.13484.delete.1.tlog
d:\prengine\prengine2d\game engine\build\obj\debug-windows-x86_64\game\game.tlog\link.13764.delete.1.tlog
d:\prengine\prengine2d\game engine\build\obj\debug-windows-x86_64\game\game.tlog\link.14012.delete.1.tlog
d:\prengine\prengine2d\game engine\build\obj\debug-windows-x86_64\game\game.tlog\link.14308.delete.1.tlog
d:\prengine\prengine2d\game engine\build\obj\debug-windows-x86_64\game\game.tlog\link.14844.delete.1.tlog
d:\prengine\prengine2d\game engine\build\obj\debug-windows-x86_64\game\game.tlog\link.15056.delete.1.tlog
d:\prengine\prengine2d\game engine\build\obj\debug-windows-x86_64\game\game.tlog\link.15188.delete.1.tlog
d:\prengine\prengine2d\game engine\build\obj\debug-windows-x86_64\game\game.tlog\link.15296.delete.1.tlog
d:\prengine\prengine2d\game engine\build\obj\debug-windows-x86_64\game\game.tlog\link.16160.delete.1.tlog
d:\prengine\prengine2d\game engine\build\obj\debug-windows-x86_64\game\game.tlog\link.1628.delete.1.tlog
d:\prengine\prengine2d\game engine\build\obj\debug-windows-x86_64\game\game.tlog\link.16744.delete.1.tlog
d:\prengine\prengine2d\game engine\build\obj\debug-windows-x86_64\game\game.tlog\link.17060.delete.1.tlog
d:\prengine\prengine2d\game engine\build\obj\debug-windows-x86_64\game\game.tlog\link.17208.delete.1.tlog
d:\prengine\prengine2d\game engine\build\obj\debug-windows-x86_64\game\game.tlog\link.17580.delete.1.tlog
d:\prengine\prengine2d\game engine\build\obj\debug-windows-x86_64\game\game.tlog\link.18028.delete.1.tlog
d:\prengine\prengine2d\game engine\build\obj\debug-windows-x86_64\game\game.tlog\link.18184.delete.1.tlog
d:\prengine\prengine2d\game engine\build\obj\debug-windows-x86_64\game\game.tlog\link.18196.delete.1.tlog
d:\prengine\prengine2d\game engine\build\obj\debug-windows-x86_64\game\game.tlog\link.18428.delete.1.tlog
d:\prengine\prengine2d\game engine\build\obj\debug-windows-x86_64\game\game.tlog\link.18844.delete.1.tlog
d:\prengine\prengine2d\game engine\build\obj\debug-windows-x86_64\game\game.tlog\link.19024.delete.1.tlog
d:\prengine\prengine2d\game engine\build\obj\debug-windows-x86_64\game\game.tlog\link.19060.delete.1.tlog
d:\prengine\prengine2d\game engine\build\obj\debug-windows-x86_64\game\game.tlog\link.19108.delete.1.tlog
d:\prengine\prengine2d\game engine\build\obj\debug-windows-x86_64\game\game.tlog\link.2020.delete.1.tlog
d:\prengine\prengine2d\game engine\build\obj\debug-windows-x86_64\game\game.tlog\link.20308.delete.1.tlog
d:\prengine\prengine2d\game engine\build\obj\debug-windows-x86_64\game\game.tlog\link.20424.delete.1.tlog
d:\prengine\prengine2d\game engine\build\obj\debug-windows-x86_64\game\game.tlog\link.20520.delete.1.tlog
d:\prengine\prengine2d\game engine\build\obj\debug-windows-x86_64\game\game.tlog\link.20524.delete.1.tlog
d:\prengine\prengine2d\game engine\build\obj\debug-windows-x86_64\game\game.tlog\link.20932.delete.1.tlog
d:\prengine\prengine2d\game engine\build\obj\debug-windows-x86_64\game\game.tlog\link.20936.delete.1.tlog
d:\prengine\prengine2d\game engine\build\obj\debug-windows-x86_64\game\game.tlog\link.21760.delete.1.tlog
d:\prengine\prengine2d\game engine\build\obj\debug-windows-x86_64\game\game.tlog\link.21856.delete.1.tlog
d:\prengine\prengine2d\game engine\build\obj\debug-windows-x86_64\game\game.tlog\link.2268.delete.1.tlog
d:\prengine\prengine2d\game engine\build\obj\debug-windows-x86_64\game\game.tlog\link.22984.delete.1.tlog
d:\prengine\prengine2d\game engine\build\obj\debug-windows-x86_64\game\game.tlog\link.23764.delete.1.tlog
d:\prengine\prengine2d\game engine\build\obj\debug-windows-x86_64\game\game.tlog\link.2380.delete.1.tlog
d:\prengine\prengine2d\game engine\build\obj\debug-windows-x86_64\game\game.tlog\link.24128.delete.1.tlog
d:\prengine\prengine2d\game engine\build\obj\debug-windows-x86_64\game\game.tlog\link.2672.delete.1.tlog
d:\prengine\prengine2d\game engine\build\obj\debug-windows-x86_64\game\game.tlog\link.3520.delete.1.tlog
d:\prengine\prengine2d\game engine\build\obj\debug-windows-x86_64\game\game.tlog\link.3668.delete.1.tlog
d:\prengine\prengine2d\game engine\build\obj\debug-windows-x86_64\game\game.tlog\link.3940.delete.1.tlog
d:\prengine\prengine2d\game engine\build\obj\debug-windows-x86_64\game\game.tlog\link.4276.delete.1.tlog
d:\prengine\prengine2d\game engine\build\obj\debug-windows-x86_64\game\game.tlog\link.4716.delete.1.tlog
d:\prengine\prengine2d\game engine\build\obj\debug-windows-x86_64\game\game.tlog\link.528.delete.1.tlog
d:\prengine\prengine2d\game engine\build\obj\debug-windows-x86_64\game\game.tlog\link.6924.delete.1.tlog
d:\prengine\prengine2d\game engine\build\obj\debug-windows-x86_64\game\game.tlog\link.7548.delete.1.tlog
d:\prengine\prengine2d\game engine\build\obj\debug-windows-x86_64\game\game.tlog\link.8252.delete.1.tlog
d:\prengine\prengine2d\game engine\build\obj\debug-windows-x86_64\game\game.tlog\link.9376.delete.1.tlog
d:\prengine\prengine2d\game engine\build\obj\debug-windows-x86_64\game\game.tlog\link.9400.delete.1.tlog
d:\prengine\prengine2d\game engine\build\obj\debug-windows-x86_64\game\game.tlog\link.9964.delete.1.tlog
d:\prengine\prengine2d\game engine\build\obj\debug-windows-x86_64\game\game.tlog\link.9996.delete.1.tlog
d:\prengine\prengine2d\game engine\build\obj\debug-windows-x86_64\game\game.tlog\link.command.1.tlog
d:\prengine\prengine2d\game engine\build\obj\debug-windows-x86_64\game\game.tlog\link.delete.1.tlog
d:\prengine\prengine2d\game engine\build\obj\debug-windows-x86_64\game\game.tlog\link.read.1.tlog
d:\prengine\prengine2d\game engine\build\obj\debug-windows-x86_64\game\game.tlog\link.write.1.tlog
